2025-05-08 17:29:53,590 INFO: Taking screenshot of https://www.thehindu.com/news/international/blast-heard-in-pakistans-lahore-says-media-report/article69551939.ece [in /app/app.py:371]
2025-05-08 17:29:54,588 INFO: Taking screenshot of https://www.thehindu.com/news/international/blast-heard-in-pakistans-lahore-says-media-report/article69551939.ece [in /app/app.py:371]
2025-05-08 17:30:15,406 INFO: Taking screenshot of https://ndtv.in/education/cgbse-cg-board-10th-12th-result-2025-check-on-ndtv-india-direct-link-in-one-click-8352088 [in /app/app.py:371]
2025-05-08 17:30:16,409 INFO: Taking screenshot of https://ndtv.in/education/cgbse-cg-board-10th-12th-result-2025-check-on-ndtv-india-direct-link-in-one-click-8352088 [in /app/app.py:371]
2025-05-08 17:43:01,032 INFO: Media Placements App startup [in /app/utils.py:22]
2025-05-08 17:43:06,125 INFO: Media Placements App startup [in /app/utils.py:22]
2025-05-08 23:19:22,960 INFO: Media Placements App startup [in /home/smarak/Desktop/code/MediaPlacement/utils.py:22]
2025-05-08 23:19:23,757 INFO: Media Placements App startup [in /home/smarak/Desktop/code/MediaPlacement/utils.py:22]
2025-05-08 23:19:34,255 INFO: Taking screenshot of https://www.thehindu.com/news/international/blast-heard-in-pakistans-lahore-says-media-report/article69551939.ece [in /home/smarak/Desktop/code/MediaPlacement/app.py:371]
2025-05-08 23:19:35,254 INFO: Taking screenshot of https://www.thehindu.com/news/international/blast-heard-in-pakistans-lahore-says-media-report/article69551939.ece [in /home/smarak/Desktop/code/MediaPlacement/app.py:371]
2025-05-08 17:51:09,477 INFO: Media Placements App startup [in /app/utils.py:22]
2025-05-08 17:51:10,338 INFO: Media Placements App startup [in /app/utils.py:22]
2025-05-08 17:55:49,896 INFO: Media Placements App startup [in /app/utils.py:22]
2025-05-08 17:55:50,954 INFO: Media Placements App startup [in /app/utils.py:22]
2025-05-08 17:56:09,582 INFO: Taking screenshot of https://www.thehindu.com/news/international/blast-heard-in-pakistans-lahore-says-media-report/article69551939.ece [in /app/app.py:371]
2025-05-08 17:56:10,575 INFO: Taking screenshot of https://www.thehindu.com/news/international/blast-heard-in-pakistans-lahore-says-media-report/article69551939.ece [in /app/app.py:371]
2025-05-08 18:02:31,751 INFO: Media Placements App startup [in /app/utils.py:22]
2025-05-08 18:02:32,672 INFO: Media Placements App startup [in /app/utils.py:22]
2025-05-08 18:02:48,097 INFO: Taking screenshot of https://www.thehindu.com/news/international/blast-heard-in-pakistans-lahore-says-media-report/article69551939.ece [in /app/app.py:371]
2025-05-08 18:02:49,083 INFO: Taking screenshot of https://www.thehindu.com/news/international/blast-heard-in-pakistans-lahore-says-media-report/article69551939.ece [in /app/app.py:371]
2025-05-08 18:14:11,239 INFO: Media Placements App startup [in /app/utils.py:22]
2025-05-08 18:14:12,101 INFO: Media Placements App startup [in /app/utils.py:22]
2025-05-08 18:14:17,402 INFO: Taking screenshot of https://www.thehindu.com/news/international/blast-heard-in-pakistans-lahore-says-media-report/article69551939.ece [in /app/app.py:371]
2025-05-08 18:14:18,389 INFO: Taking screenshot of https://www.thehindu.com/news/international/blast-heard-in-pakistans-lahore-says-media-report/article69551939.ece [in /app/app.py:371]
2025-05-09 12:03:05,568 INFO: Media Placements App startup [in /app/utils.py:22]
2025-05-09 12:03:06,456 INFO: Media Placements App startup [in /app/utils.py:22]
2025-05-09 12:13:54,992 INFO: Taking screenshot of https://timesofindia.indiatimes.com/india/operation-sindoor-live-updates-jammu-and-kashmir-pahalgam-terror-attack-indian-army-military-strikes-pok-pakistan/liveblog/120950644.cms [in /app/app.py:371]
2025-05-09 12:13:55,993 INFO: Taking screenshot of https://timesofindia.indiatimes.com/india/operation-sindoor-live-updates-jammu-and-kashmir-pahalgam-terror-attack-indian-army-military-strikes-pok-pakistan/liveblog/120950644.cms [in /app/app.py:371]
2025-05-09 12:15:26,611 INFO: Media Placements App startup [in /app/utils.py:22]
2025-05-09 12:32:27,673 INFO: Media Placements App startup [in /app/utils.py:22]
2025-05-09 12:32:28,491 INFO: Media Placements App startup [in /app/utils.py:22]
2025-05-09 12:32:35,243 INFO: Taking screenshot of https://timesofindia.indiatimes.com/india/operation-sindoor-live-updates-jammu-and-kashmir-pahalgam-terror-attack-indian-army-military-strikes-pok-pakistan/liveblog/120950644.cms [in /app/app.py:371]
2025-05-09 12:32:36,232 INFO: Taking screenshot of https://timesofindia.indiatimes.com/india/operation-sindoor-live-updates-jammu-and-kashmir-pahalgam-terror-attack-indian-army-military-strikes-pok-pakistan/liveblog/120950644.cms [in /app/app.py:371]
2025-05-09 12:33:49,505 INFO: Taking screenshot of https://timesofindia.indiatimes.com/india/operation-sindoor-live-updates-jammu-and-kashmir-pahalgam-terror-attack-indian-army-military-strikes-pok-pakistan/liveblog/120950644.cms [in /app/app.py:371]
2025-05-09 12:33:50,492 INFO: Taking screenshot of https://timesofindia.indiatimes.com/india/operation-sindoor-live-updates-jammu-and-kashmir-pahalgam-terror-attack-indian-army-military-strikes-pok-pakistan/liveblog/120950644.cms [in /app/app.py:371]
2025-05-09 12:35:08,158 INFO: Media Placements App startup [in /app/utils.py:22]
2025-05-09 12:35:08,958 INFO: Media Placements App startup [in /app/utils.py:22]
2025-05-09 12:35:28,049 INFO: Taking screenshot of https://timesofindia.indiatimes.com/india/operation-sindoor-live-updates-jammu-and-kashmir-pahalgam-terror-attack-indian-army-military-strikes-pok-pakistan/liveblog/120950644.cms [in /app/app.py:371]
2025-05-09 12:35:29,028 INFO: Taking screenshot of https://timesofindia.indiatimes.com/india/operation-sindoor-live-updates-jammu-and-kashmir-pahalgam-terror-attack-indian-army-military-strikes-pok-pakistan/liveblog/120950644.cms [in /app/app.py:371]
2025-05-09 12:36:28,165 INFO: Taking screenshot of https://timesofindia.indiatimes.com/india/before-after-satellite-images-reveal-damage-to-terror-camps-in-pakistan-after-operation-sindoor/articleshow/120980467.cms [in /app/app.py:371]
2025-05-09 12:36:29,166 INFO: Taking screenshot of https://timesofindia.indiatimes.com/india/before-after-satellite-images-reveal-damage-to-terror-camps-in-pakistan-after-operation-sindoor/articleshow/120980467.cms [in /app/app.py:371]
2025-05-09 12:37:00,163 INFO: Taking screenshot of https://timesofindia.indiatimes.com/india/before-after-satellite-images-reveal-damage-to-terror-camps-in-pakistan-after-operation-sindoor/articleshow/120980467.cms [in /app/app.py:371]
2025-05-09 12:37:01,156 INFO: Taking screenshot of https://timesofindia.indiatimes.com/india/before-after-satellite-images-reveal-damage-to-terror-camps-in-pakistan-after-operation-sindoor/articleshow/120980467.cms [in /app/app.py:371]
2025-05-09 12:37:16,653 INFO: Taking screenshot of https://timesofindia.indiatimes.com/india/before-after-satellite-images-reveal-damage-to-terror-camps-in-pakistan-after-operation-sindoor/articleshow/120980467.cms [in /app/app.py:371]
2025-05-09 12:37:17,630 INFO: Taking screenshot of https://timesofindia.indiatimes.com/india/before-after-satellite-images-reveal-damage-to-terror-camps-in-pakistan-after-operation-sindoor/articleshow/120980467.cms [in /app/app.py:371]
2025-05-09 12:45:40,568 INFO: Media Placements App startup [in /app/utils.py:22]
2025-05-09 12:50:00,923 INFO: Media Placements App startup [in /app/utils.py:22]
2025-05-09 12:50:01,798 INFO: Media Placements App startup [in /app/utils.py:22]
2025-05-09 12:50:14,474 INFO: Taking screenshot of https://timesofindia.indiatimes.com/india/before-after-satellite-images-reveal-damage-to-terror-camps-in-pakistan-after-operation-sindoor/articleshow/120980467.cms [in /app/app.py:371]
2025-05-09 12:50:15,466 INFO: Taking screenshot of https://timesofindia.indiatimes.com/india/before-after-satellite-images-reveal-damage-to-terror-camps-in-pakistan-after-operation-sindoor/articleshow/120980467.cms [in /app/app.py:371]
